[ Jul 18 2015 11:17:44 ] [/Users/gofina/Web/ezpublish-community-sylius/ezpublish_legacy/lib/ezutils/classes/../../../var/cache/ini/transform-083d011d20afbbfd0e2067a9cd047be1.php]
[ Jul 18 2015 11:17:45 ] [var/ezdemo_site/cache/trans/g-urlalias-1350215278-utf-8.ctt.php]
[ Jul 18 2015 11:17:46 ] [/Users/gofina/Web/ezpublish-community-sylius/ezpublish_legacy/lib/ezutils/classes/../../../var/cache/ini/site-9cb0e9631ed265dd09f7291efc783195.php]
[ Jul 18 2015 11:17:48 ] [/Users/gofina/Web/ezpublish-community-sylius/ezpublish_legacy/lib/ezutils/classes/../../../var/cache/ini/site-9cb0e9631ed265dd09f7291efc783195.php]
[ Jul 18 2015 11:17:52 ] [/Users/gofina/Web/ezpublish-community-sylius/ezpublish_legacy/lib/ezutils/classes/../../../var/cache/ini/site-9cb0e9631ed265dd09f7291efc783195.php]
[ Jul 18 2015 11:17:53 ] [/Users/gofina/Web/ezpublish-community-sylius/ezpublish_legacy/lib/ezutils/classes/../../../var/cache/ini/country-d0b25fd0e88aef257fad3f5e3f576259.php]
[ Jul 18 2015 11:17:53 ] [/Users/gofina/Web/ezpublish-community-sylius/ezpublish_legacy/lib/ezutils/classes/../../../var/cache/ini/shop-d041d1de3cfcb800029732603d1289cf.php]
[ Jul 18 2015 11:17:53 ] [var/ezdemo_site/cache/trans/g-lowercase-635518252-utf-8.ctt.php]
[ Jul 18 2015 11:17:53 ] [/Users/gofina/Web/ezpublish-community-sylius/ezpublish_legacy/lib/ezutils/classes/../../../var/cache/ini/browse-9cad36798ff46a9c3346eec5e86012ad.php]
[ Jul 18 2015 11:17:53 ] [var/ezdemo_site/cache/classattributeidentifiers_10982d6f359b481621386c9795714d8c.php]
[ Jul 18 2015 11:17:54 ] [var/ezdemo_site/cache/trans/g-urlalias_compat-289587731-utf-8.ctt.php]
[ Jul 18 2015 11:17:54 ] [/Users/gofina/Web/ezpublish-community-sylius/ezpublish_legacy/lib/ezutils/classes/../../../var/cache/ini/viewcache-27fc14fff52493a580b0885d7a777cb2.php]
[ Jul 18 2015 11:17:55 ] [var/ezdemo_site/cache/trans/g-search-1924056142-utf-8.ctt.php]
[ Jul 18 2015 11:17:55 ] [/Users/gofina/Web/ezpublish-community-sylius/ezpublish_legacy/lib/ezutils/classes/../../../var/cache/ini/notification-ed0e63692e00f7615235c74ecdcaee35.php]
[ Jul 18 2015 11:17:55 ] [/Users/gofina/Web/ezpublish-community-sylius/ezpublish_legacy/lib/ezutils/classes/../../../var/cache/ini/ezxml-8d5968497d0d06db4b5e462d0b415082.php]
[ Jul 18 2015 11:17:55 ] [/Users/gofina/Web/ezpublish-community-sylius/ezpublish_legacy/lib/ezutils/classes/../../../var/cache/ini/image-061f43bd2501d9986e554ac57d42dd59.php]
[ Jul 18 2015 11:17:55 ] [/Users/gofina/Web/ezpublish-community-sylius/ezpublish_legacy/lib/ezutils/classes/../../../var/cache/ini/mime-a915a6fa8eec8f1145405a0326aeabda.php]
[ Jul 18 2015 11:17:59 ] [/Users/gofina/Web/ezpublish-community-sylius/ezpublish_legacy/lib/ezutils/classes/../../../var/cache/ini/audit-bcb0f5f1caf0dd0fb42800441732b485.php]
[ Jul 18 2015 11:18:03 ] [/Users/gofina/Web/ezpublish-community-sylius/ezpublish_legacy/lib/ezutils/classes/../../../var/cache/ini/binaryfile-9b2905fedcf74af94e9302521d984d0e.php]
[ Jul 18 2015 11:18:05 ] [/Users/gofina/Web/ezpublish-community-sylius/ezpublish_legacy/lib/ezutils/classes/../../../var/cache/ini/menu-409972287bb1cd0a01a3f4f31cd7ac07.php]
[ Jul 18 2015 11:18:05 ] [/Users/gofina/Web/ezpublish-community-sylius/ezpublish_legacy/lib/ezutils/classes/../../../var/cache/ini/override-b273bc2282a1ed186eaf2a34466f24b0.php]
[ Jul 18 2015 11:18:05 ] [/Users/gofina/Web/ezpublish-community-sylius/ezpublish_legacy/lib/ezutils/classes/../../../var/cache/ini/toolbar-640b0c83b6b4f2e4625f3cecc72d4c14.php]
[ Jul 18 2015 11:18:05 ] [/Users/gofina/Web/ezpublish-community-sylius/ezpublish_legacy/lib/ezutils/classes/../../../var/cache/ini/site-47e35424336af3c2b858faec0dfb5832.php]
[ Jul 18 2015 11:18:05 ] [/Users/gofina/Web/ezpublish-community-sylius/ezpublish_legacy/lib/ezutils/classes/../../../var/cache/ini/design-dad815461d1f98f6463ba338a5a4793c.php]
[ Jul 18 2015 11:18:05 ] [/Users/gofina/Web/ezpublish-community-sylius/ezpublish_legacy/lib/ezutils/classes/../../../var/cache/ini/template-10aa81682c991512e89f91668a89d2cd.php]
[ Jul 18 2015 11:18:05 ] [/Users/gofina/Web/ezpublish-community-sylius/ezpublish_legacy/lib/ezutils/classes/../../../var/cache/ini/contentstructuremenu-35dc8acffa58c013fcd7c4eb7908b036.php]
[ Jul 18 2015 11:18:05 ] [/Users/gofina/Web/ezpublish-community-sylius/ezpublish_legacy/lib/ezutils/classes/../../../var/cache/ini/icon-f6f9d972d331f69e3dedae89d5539191.php]
[ Jul 18 2015 11:18:06 ] [var/ezdemo_site/cache/classidentifiers_10982d6f359b481621386c9795714d8c.php]
[ Jul 18 2015 11:18:06 ] [var/ezdemo_site/cache/classattributeidentifiers_10982d6f359b481621386c9795714d8c.php]
[ Jul 18 2015 11:18:06 ] [/Users/gofina/Web/ezpublish-community-sylius/ezpublish_legacy/lib/ezutils/classes/../../../var/cache/ini/workflow-bbdaa9d448c9363def9a30b9af63440d.php]
[ Jul 18 2015 11:18:06 ] [/Users/gofina/Web/ezpublish-community-sylius/ezpublish_legacy/lib/ezutils/classes/../../../var/cache/ini/paymentgateways-6783c224887b73ddeb325fed92dd715b.php]
[ Jul 18 2015 11:18:06 ] [var/ezdemo_site/cache/classattributeidentifiers_10982d6f359b481621386c9795714d8c.php]
[ Jul 18 2015 11:18:07 ] [/Users/gofina/Web/ezpublish-community-sylius/ezpublish_legacy/lib/ezutils/classes/../../../var/cache/ini/site-a0c3b7f54651ff6b3cd6f52d0ff6f277.php]
[ Jul 18 2015 11:18:07 ] [/Users/gofina/Web/ezpublish-community-sylius/ezpublish_legacy/lib/ezutils/classes/../../../var/cache/ini/override-18128e6673d7cc95a2b3c5ebff53b61c.php]
[ Jul 18 2015 11:18:07 ] [/Users/gofina/Web/ezpublish-community-sylius/ezpublish_legacy/lib/ezutils/classes/../../../var/cache/ini/override-6f04bbfe1117ae4b42198bcac8bc48f0.php]
[ Jul 18 2015 11:18:07 ] [/Users/gofina/Web/ezpublish-community-sylius/ezpublish_legacy/lib/ezutils/classes/../../../var/cache/ini/texttoimage-7d6660b3fd7317be294468d23cb049f7.php]
[ Jul 18 2015 11:18:07 ] [/Users/gofina/Web/ezpublish-community-sylius/ezpublish_legacy/lib/ezutils/classes/../../../var/cache/ini/layout-b5db9a3c69e09c4bd651d71fb240bbdb.php]
[ Jul 18 2015 11:18:07 ] [var/cache//active_extensions_c3c7f7ea7b8395994e25a36795880716.php]
[ Jul 18 2015 11:18:07 ] [/Users/gofina/Web/ezpublish-community-sylius/ezpublish_legacy/lib/ezutils/classes/../../../var/cache/ini/override-b273bc2282a1ed186eaf2a34466f24b0.php]
[ Jul 18 2015 11:18:07 ] [/Users/gofina/Web/ezpublish-community-sylius/ezpublish_legacy/lib/ezutils/classes/../../../var/cache/ini/design-e474e3bd9f06915b383784b4d277b4ab.php]
[ Jul 18 2015 11:18:07 ] [var/ezdemo_site/cache/override/override_8e90b0d63025faec1ef0ecd38da41be2.php]
[ Jul 18 2015 11:18:07 ] [/Users/gofina/Web/ezpublish-community-sylius/ezpublish_legacy/lib/ezutils/classes/../../../var/cache/ini/menu-3e2c88192cb13af8c0ba34a0cbf3a5b0.php]
[ Jul 18 2015 11:18:07 ] [/Users/gofina/Web/ezpublish-community-sylius/ezpublish_legacy/lib/ezutils/classes/../../../var/cache/ini/site-c1623af31c16fc3ffee5a05097e95dd6.php]
[ Jul 18 2015 11:18:07 ] [/Users/gofina/Web/ezpublish-community-sylius/ezpublish_legacy/lib/ezutils/classes/../../../var/cache/ini/module-216c07934a055d1e40e1dbd133249844.php]
[ Jul 18 2015 11:18:07 ] [/Users/gofina/Web/ezpublish-community-sylius/ezpublish_legacy/lib/ezutils/classes/../../../var/cache/ini/site-70a240bdc66f48226c5e9ef0aa86f137.php]
[ Jul 18 2015 11:18:07 ] [/Users/gofina/Web/ezpublish-community-sylius/ezpublish_legacy/lib/ezutils/classes/../../../var/cache/ini/site-1d70c5e63db6a25cf0be482388463114.php]
[ Jul 18 2015 11:18:07 ] [/Users/gofina/Web/ezpublish-community-sylius/ezpublish_legacy/lib/ezutils/classes/../../../var/cache/ini/site-94bd2ce15e60b0f1699199eb0766a66e.php]
[ Jul 18 2015 11:18:07 ] [/Users/gofina/Web/ezpublish-community-sylius/ezpublish_legacy/lib/ezutils/classes/../../../var/cache/ini/image-890a19ff2624294516cd6b65407d97d3.php]
[ Jul 18 2015 11:18:07 ] [/Users/gofina/Web/ezpublish-community-sylius/ezpublish_legacy/lib/ezutils/classes/../../../var/cache/ini/image-68f42f584c6bc3a5826fd1709382d6e8.php]
[ Jul 18 2015 11:22:46 ] [/Users/gofina/Web/ezpublish-community-sylius/ezpublish_legacy/lib/ezutils/classes/../../../var/cache/ini/i18n-678d2accc237fa9079b9b3abc491748f.php]
[ Jul 18 2015 11:22:46 ] [/Users/gofina/Web/ezpublish-community-sylius/ezpublish_legacy/lib/ezutils/classes/../../../var/cache/ini/i18n-f7061ade0fe840d15a8c81f654b48eb1.php]
[ Jul 18 2015 11:22:46 ] [/Users/gofina/Web/ezpublish-community-sylius/ezpublish_legacy/lib/ezutils/classes/../../../var/cache/ini/file-33c0d0b2750379ea6bbc0a7c3b47cab4.php]
[ Jul 18 2015 11:22:46 ] [/Users/gofina/Web/ezpublish-community-sylius/ezpublish_legacy/lib/ezutils/classes/../../../var/cache/ini/debug-30b58d57277a91a861853a35747eb10e.php]
[ Jul 18 2015 11:22:46 ] [/Users/gofina/Web/ezpublish-community-sylius/ezpublish_legacy/lib/ezutils/classes/../../../var/cache/ini/template-93b42ccdfd177df3683e15aa21624c91.php]
[ Jul 18 2015 11:22:46 ] [/Users/gofina/Web/ezpublish-community-sylius/ezpublish_legacy/lib/ezutils/classes/../../../var/cache/ini/template-ddf5ebab7d1b50e699321df1c328ddca.php]
[ Jul 18 2015 11:22:46 ] [/Users/gofina/Web/ezpublish-community-sylius/ezpublish_legacy/lib/ezutils/classes/../../../var/cache/ini/module-3df12beebbc45741c9fc33605c7073c5.php]
[ Jul 18 2015 11:22:46 ] [/Users/gofina/Web/ezpublish-community-sylius/ezpublish_legacy/lib/ezutils/classes/../../../var/cache/ini/debug-004fed792c170a483519a9b59a52d467.php]
[ Jul 18 2015 11:22:46 ] [/Users/gofina/Web/ezpublish-community-sylius/ezpublish_legacy/lib/ezutils/classes/../../../var/cache/ini/eng-GB-3d08b04fb2c8fc86a243d6cfa76793da.php]
[ Jul 18 2015 11:22:46 ] [/Users/gofina/Web/ezpublish-community-sylius/ezpublish_legacy/lib/ezutils/classes/../../../var/cache/ini/file-09853c09060381ddef22e33a5fefdfb3.php]
[ Jul 18 2015 11:23:00 ] [var/cache//active_extensions_4f42134319dd9ffbe2a973677413afd9.php]
[ Jul 18 2015 11:23:00 ] [/Users/gofina/Web/ezpublish-community-sylius/ezpublish_legacy/lib/ezutils/classes/../../../var/cache/ini/site-79a16f6605731118c80569ef21f163cc.php]
[ Jul 18 2015 11:23:00 ] [/Users/gofina/Web/ezpublish-community-sylius/ezpublish_legacy/lib/ezutils/classes/../../../var/cache/ini/site-f352fdb646b67c9e2201da8d09c7bac2.php]
[ Jul 18 2015 11:23:00 ] [/Users/gofina/Web/ezpublish-community-sylius/ezpublish_legacy/lib/ezutils/classes/../../../var/cache/ini/template-9967d0133bbdf4f0ba3d502402adcc50.php]
[ Jul 18 2015 11:23:00 ] [/Users/gofina/Web/ezpublish-community-sylius/ezpublish_legacy/lib/ezutils/classes/../../../var/cache/ini/module-3c0c7e642adb25e4b5c13f983d28815a.php]
[ Jul 18 2015 11:23:00 ] [/Users/gofina/Web/ezpublish-community-sylius/ezpublish_legacy/lib/ezutils/classes/../../../var/cache/ini/debug-5092f83bce496c33ea13d9033f898008.php]
[ Jul 18 2015 11:23:00 ] [/Users/gofina/Web/ezpublish-community-sylius/ezpublish_legacy/lib/ezutils/classes/../../../var/cache/ini/eng-GB-71ee664ccdd4c5631df7f326715294cf.php]
[ Jul 18 2015 11:23:00 ] [/Users/gofina/Web/ezpublish-community-sylius/ezpublish_legacy/lib/ezutils/classes/../../../var/cache/ini/file-35068bf9dc180acd83087846808a9931.php]
[ Jul 18 2015 11:23:00 ] [var/ezdemo_site/cache/statelimitations_10982d6f359b481621386c9795714d8c.php]
[ Jul 18 2015 11:23:02 ] [/Users/gofina/Web/ezpublish-community-sylius/ezpublish_legacy/lib/ezutils/classes/../../../var/cache/ini/menu-3d69cf2cef21b3827c567c2f9f998d7c.php]
[ Jul 18 2015 11:23:08 ] [/Users/gofina/Web/ezpublish-community-sylius/ezpublish_legacy/lib/ezutils/classes/../../../var/cache/ini/content-c3812fca58a2855eaad24299703e6d20.php]
[ Jul 18 2015 11:23:09 ] [/Users/gofina/Web/ezpublish-community-sylius/ezpublish_legacy/lib/ezutils/classes/../../../var/cache/ini/workflow-3e338485c2ca5d5f9308081d8d898843.php]
[ Jul 18 2015 11:23:09 ] [/Users/gofina/Web/ezpublish-community-sylius/ezpublish_legacy/lib/ezutils/classes/../../../var/cache/ini/override-adfe99f319ecba0451fbaaf49568125b.php]
[ Jul 18 2015 11:23:09 ] [/Users/gofina/Web/ezpublish-community-sylius/ezpublish_legacy/lib/ezutils/classes/../../../var/cache/ini/design-d80fe9d6cb3f49e36db0cfc134385ce0.php]
[ Jul 18 2015 11:23:09 ] [var/ezdemo_site/cache/override/override_0081b8b14bafa4bfc025623e08a611c2.php]
[ Jul 18 2015 11:23:09 ] [var/ezdemo_site/cache/template/compiled/common.php]
[ Jul 18 2015 11:23:09 ] [var/ezdemo_site/cache/template/compiled/call_to_action-7dc8a7056322a50c672e415420801a5d.php]
[ Jul 18 2015 11:23:09 ] [/Users/gofina/Web/ezpublish-community-sylius/ezpublish_legacy/lib/ezutils/classes/../../../var/cache/ini/ezjscore-c2788c1117eadbf91b3ddc5650faebf9.php]
[ Jul 18 2015 11:23:09 ] [var/ezdemo_site/cache/template/compiled/product-87925e81373fe6746edb2ea77ffecb61.php]
[ Jul 18 2015 11:23:09 ] [var/ezdemo_site/cache/classidentifiers_10982d6f359b481621386c9795714d8c.php]
[ Jul 18 2015 11:23:09 ] [var/ezdemo_site/cache/template/compiled/ezimage-f9bcec4649fbb91b0703b12d80fa2ddc.php]
[ Jul 18 2015 11:23:09 ] [/Users/gofina/Web/ezpublish-community-sylius/ezpublish_legacy/lib/ezutils/classes/../../../var/cache/ini/image-bf6eb1b41f30bc77cc990205910db531.php]
[ Jul 18 2015 11:23:09 ] [/Users/gofina/Web/ezpublish-community-sylius/ezpublish_legacy/lib/ezutils/classes/../../../var/cache/ini/mime-ebe2f0540b2d382fd74cd957f1409735.php]
[ Jul 18 2015 11:23:10 ] [var/ezdemo_site/cache/template/compiled/tag_cloud-d70dc0567d15de34b2ed3a489c87bb68.php]
[ Jul 18 2015 11:23:10 ] [var/ezdemo_site/cache/template/compiled/tagcloud-8acb92b3246d57789dee3ccaccf0ee69.php]
[ Jul 18 2015 11:23:36 ] [/Users/gofina/Web/ezpublish-community-sylius/ezpublish_legacy/lib/ezutils/classes/../../../var/cache/ini/mime-edf1d33654c3425248c0d23636eceef1.php]
[ Jul 18 2015 11:23:43 ] [/Users/gofina/Web/ezpublish-community-sylius/ezpublish_legacy/lib/ezutils/classes/../../../var/cache/ini/site-2ef808944317a6365d8e4b7c2e6a9862.php]
[ Jul 18 2015 11:23:43 ] [/Users/gofina/Web/ezpublish-community-sylius/ezpublish_legacy/lib/ezutils/classes/../../../var/cache/ini/template-48d47003de46d5dfe378c92d14badfc7.php]
[ Jul 18 2015 11:23:43 ] [/Users/gofina/Web/ezpublish-community-sylius/ezpublish_legacy/lib/ezutils/classes/../../../var/cache/ini/module-a75327407bfdf50ae6063a82ccb75a9e.php]
[ Jul 18 2015 11:23:43 ] [/Users/gofina/Web/ezpublish-community-sylius/ezpublish_legacy/lib/ezutils/classes/../../../var/cache/ini/debug-dac49a9faeb7d55a3851a2559fa339d5.php]
[ Jul 18 2015 11:23:43 ] [/Users/gofina/Web/ezpublish-community-sylius/ezpublish_legacy/lib/ezutils/classes/../../../var/cache/ini/eng-GB-d6480a627ae11b0966123a782b0b4631.php]
[ Jul 18 2015 11:23:43 ] [/Users/gofina/Web/ezpublish-community-sylius/ezpublish_legacy/lib/ezutils/classes/../../../var/cache/ini/override-c73a1041e8fd834a107cf502c5e5d689.php]
[ Jul 18 2015 11:23:43 ] [/Users/gofina/Web/ezpublish-community-sylius/ezpublish_legacy/lib/ezutils/classes/../../../var/cache/ini/design-7f2da6c87d5ba6ced51cef440eeea487.php]
[ Jul 18 2015 11:23:43 ] [/Users/gofina/Web/ezpublish-community-sylius/ezpublish_legacy/lib/ezutils/classes/../../../var/cache/ini/file-572f74dc7dabfed27d3bc18c573a52d4.php]
[ Jul 18 2015 11:23:43 ] [var/ezdemo_site/cache/override/override_cc9ab051ca1c31e4a3ba57c8ee2745e2.php]
[ Jul 18 2015 11:23:43 ] [var/ezdemo_site/cache/template/compiled/login-76f60e1fcfe8ae8c7ff2514762b5ef0f.php]
[ Jul 18 2015 11:23:43 ] [/Users/gofina/Web/ezpublish-community-sylius/ezpublish_legacy/lib/ezutils/classes/../../../var/cache/ini/menu-9173963f3d1f58390bb2a9fb402012c8.php]
[ Jul 18 2015 11:23:43 ] [var/ezdemo_site/cache/template/compiled/loginpagelayout-317e082c1b63624f24eed7fe971cabd3.php]
[ Jul 18 2015 11:23:43 ] [var/ezdemo_site/cache/template/compiled/page_head-e69497f79659f527c5f7d8f83f680f10.php]
[ Jul 18 2015 11:23:43 ] [var/ezdemo_site/cache/template/compiled/canonical_link-287605f4d9e5eb2ebe04bbded7a6dbff.php]
[ Jul 18 2015 11:23:43 ] [var/ezdemo_site/cache/template/compiled/link-1fb3cc2fa6431c1fefa7e3c37abc54a8.php]
[ Jul 18 2015 11:23:43 ] [var/ezdemo_site/cache/template/compiled/page_head_style-1239ae7dd90dcb8067d39ea45e163134.php]
[ Jul 18 2015 11:23:43 ] [/Users/gofina/Web/ezpublish-community-sylius/ezpublish_legacy/lib/ezutils/classes/../../../var/cache/ini/ezjscore-aeda75111a6eaeefccceee8909dc572f.php]
[ Jul 18 2015 11:23:43 ] [var/ezdemo_site/cache/template/compiled/page_head_style_inline-5798be99ba8eabcc12202159ea639a11.php]
[ Jul 18 2015 11:23:43 ] [var/ezdemo_site/cache/template/compiled/page_head_script-1041b06f50ab4950f07ab7be3da7b072.php]
[ Jul 18 2015 11:23:43 ] [var/ezdemo_site/cache/template/compiled/page_mainarea-df0a576f111259af15bc6a58237c2923.php]
[ Jul 18 2015 11:23:43 ] [var/ezdemo_site/cache/template/compiled/page_login_copyright-f49f31b758bcded7bce9db83570654d4.php]
[ Jul 18 2015 11:23:48 ] [/Users/gofina/Web/ezpublish-community-sylius/ezpublish_legacy/lib/ezutils/classes/../../../var/cache/ini/file-642e007d9eede790bbd1ef5d1e3b9f18.php]
[ Jul 18 2015 11:23:48 ] [/Users/gofina/Web/ezpublish-community-sylius/ezpublish_legacy/lib/ezutils/classes/../../../var/cache/ini/audit-9a95a4e58fca32518c67a0db37ad1731.php]
[ Jul 18 2015 11:23:50 ] [/Users/gofina/Web/ezpublish-community-sylius/ezpublish_legacy/lib/ezutils/classes/../../../var/cache/ini/content-b46dc9e1a676b7813aec337d5db75091.php]
[ Jul 18 2015 11:23:50 ] [/Users/gofina/Web/ezpublish-community-sylius/ezpublish_legacy/lib/ezutils/classes/../../../var/cache/ini/workflow-b986b6099a35ef64564fe302a2e402c7.php]
[ Jul 18 2015 11:23:50 ] [/Users/gofina/Web/ezpublish-community-sylius/ezpublish_legacy/lib/ezutils/classes/../../../var/cache/ini/design-5cecc12ebebcbd7634b7fce811609c14.php]
[ Jul 18 2015 11:23:51 ] [var/ezdemo_site/cache/template/compiled/full-fbed3c10b5ce10ddd18d20161fbc80ca.php]
[ Jul 18 2015 11:23:51 ] [var/ezdemo_site/cache/template/compiled/infocollection_validation-6326a47acab97b9b23dcb646ecc04830.php]
[ Jul 18 2015 11:23:51 ] [/Users/gofina/Web/ezpublish-community-sylius/ezpublish_legacy/lib/ezutils/classes/../../../var/cache/ini/icon-7dfe2f3c78d137a95b5707eb34dfd252.php]
[ Jul 18 2015 11:23:51 ] [/Users/gofina/Web/ezpublish-community-sylius/ezpublish_legacy/lib/ezutils/classes/../../../var/cache/ini/icon-b3f099c89474d87f2c0ce17102da3993.php]
[ Jul 18 2015 11:23:51 ] [/Users/gofina/Web/ezpublish-community-sylius/ezpublish_legacy/lib/ezutils/classes/../../../var/cache/ini/icon-03e2f95e4985f36ddc7ef14fd5b88d66.php]
[ Jul 18 2015 11:23:51 ] [/Users/gofina/Web/ezpublish-community-sylius/ezpublish_legacy/lib/ezutils/classes/../../../var/cache/ini/admininterface-0ec8ad7575ba08769e4bbea813bd3fc8.php]
[ Jul 18 2015 11:23:51 ] [var/ezdemo_site/cache/template/compiled/window_controls-a2fb7f175aa0aa9c1e664abcf4aa6bc8.php]
[ Jul 18 2015 11:23:51 ] [var/ezdemo_site/cache/template/compiled/window_controls_extratabs-fa2823ff99e15c4209f2e5714e9d84e5.php]
[ Jul 18 2015 11:23:51 ] [var/ezdemo_site/cache/template/compiled/commentsbundle_header-da5b740eb4b45638002800f4930a380e.php]
[ Jul 18 2015 11:23:51 ] [var/ezdemo_site/cache/template/compiled/windows-e0549650a4f67e51e430f9a68f188741.php]
[ Jul 18 2015 11:23:51 ] [var/ezdemo_site/cache/template/compiled/preview-5c30c91b3753215685031f5676ecf38e.php]
[ Jul 18 2015 11:23:51 ] [var/ezdemo_site/cache/template/compiled/admin_preview-127f83d95715e8eaa689b22d03ed5472.php]
[ Jul 18 2015 11:23:51 ] [/Users/gofina/Web/ezpublish-community-sylius/ezpublish_legacy/lib/ezutils/classes/../../../var/cache/ini/datatype-6a7d941e7848c53ac5da55e43c11dbe3.php]
[ Jul 18 2015 11:23:51 ] [var/ezdemo_site/cache/template/compiled/ezstring-8f477e24a6c58da11e064d7e63845fd9.php]
[ Jul 18 2015 11:23:51 ] [var/ezdemo_site/cache/template/compiled/ezpage-a2d4eccb9519753e8000c5678fdcf38c.php]
[ Jul 18 2015 11:23:51 ] [/Users/gofina/Web/ezpublish-community-sylius/ezpublish_legacy/lib/ezutils/classes/../../../var/cache/ini/zone-d74a07d20636f1b640cc6ed6766bc5ad.php]
[ Jul 18 2015 11:23:51 ] [var/ezdemo_site/cache/template/compiled/2zoneslayout1-2d3422c95b61d24e9c1f1597927130f8.php]
[ Jul 18 2015 11:23:51 ] [var/ezdemo_site/cache/template/compiled/zone_block-bf6159671d11ad95b45e9adf3b549a76.php]
[ Jul 18 2015 11:23:51 ] [var/ezdemo_site/cache/template/compiled/zone_block_top-5322343e3eab0e6112f4924eab571c32.php]
[ Jul 18 2015 11:23:51 ] [/Users/gofina/Web/ezpublish-community-sylius/ezpublish_legacy/lib/ezutils/classes/../../../var/cache/ini/block-a6a3d5851dd883ff0b8d75aca4b6245a.php]
[ Jul 18 2015 11:23:51 ] [var/ezdemo_site/cache/template/compiled/view-01ff4cf5156eb73850bed20bd9563614.php]
[ Jul 18 2015 11:23:51 ] [var/ezdemo_site/cache/template/compiled/zone_block_bottom-931205d9e0821ec36d96e7df58de842b.php]
[ Jul 18 2015 11:23:51 ] [var/ezdemo_site/cache/template/compiled/details-ed8fa83580a2c20da84dd1975a328c38.php]
[ Jul 18 2015 11:23:51 ] [var/ezdemo_site/cache/template/compiled/translations-2c7169d36ec44c2979c7757ab1b10ed4.php]
[ Jul 18 2015 11:23:51 ] [var/ezdemo_site/cache/template/compiled/locations-120fa1e567bf3f97e8d5b538fbd147e7.php]
[ Jul 18 2015 11:23:52 ] [var/ezdemo_site/cache/template/compiled/relations-1baf248ba12fe7eb29ab8de1ffc24dbb.php]
[ Jul 18 2015 11:23:52 ] [var/ezdemo_site/cache/template/compiled/google-da14c258605897b6421ce790ea4c5818.php]
[ Jul 18 2015 11:23:52 ] [var/ezdemo_site/cache/template/compiled/ordering-08ea16d8abc2bf172b469817149e1ce7.php]
[ Jul 18 2015 11:23:52 ] [var/ezdemo_site/cache/template/compiled/windows_extratabs-0a3050840042861ff95801ef2207da62.php]
[ Jul 18 2015 11:23:52 ] [var/ezdemo_site/cache/template/compiled/commentsbundle-8fc0679f1f2d80e4c09fd1943920c203.php]
[ Jul 18 2015 11:23:52 ] [var/ezdemo_site/cache/template/compiled/children-36d14090cd07109ba6d24b53ecb92961.php]
[ Jul 18 2015 11:23:52 ] [var/ezdemo_site/cache/template/compiled/children_detailed-20ed1afb9fcef2633e7d85fca250730d.php]
[ Jul 18 2015 11:23:53 ] [/Users/gofina/Web/ezpublish-community-sylius/ezpublish_legacy/lib/ezutils/classes/../../../var/cache/ini/contentstructuremenu-36ea83db2e24ddbeecb5f2f29b8ba1df.php]
[ Jul 18 2015 11:23:53 ] [var/ezdemo_site/cache/template/compiled/alphabetical-2034436e72240d83dbe47f7838c83315.php]
[ Jul 18 2015 11:23:53 ] [/Users/gofina/Web/ezpublish-community-sylius/ezpublish_legacy/lib/ezutils/classes/../../../var/cache/ini/menu-371ae74244c6474411403f30d3149542.php]
[ Jul 18 2015 11:23:53 ] [/Users/gofina/Web/ezpublish-community-sylius/ezpublish_legacy/lib/ezutils/classes/../../../var/cache/ini/toolbar-dcce777319ea128cb8b46735147054b8.php]
[ Jul 18 2015 11:23:53 ] [var/ezdemo_site/cache/template/compiled/pagelayout-4e6e16a13a3fa2db763e9ae79aa69d88.php]
[ Jul 18 2015 11:23:53 ] [var/ezdemo_site/cache/template/compiled/page_head-26ae43736690def531e158979ffd26ff.php]
[ Jul 18 2015 11:23:53 ] [var/ezdemo_site/cache/template/compiled/canonical_link-5dc97e68bae3924c328cf5cd2aa13a2f.php]
[ Jul 18 2015 11:23:53 ] [var/ezdemo_site/cache/template/compiled/link-c7a3ca87d3747900a6500554a01505c8.php]
[ Jul 18 2015 11:23:53 ] [var/ezdemo_site/cache/template/compiled/page_head_style-d91ed5c7914e1903b578fac960ed76c9.php]
[ Jul 18 2015 11:23:53 ] [/Users/gofina/Web/ezpublish-community-sylius/ezpublish_legacy/lib/ezutils/classes/../../../var/cache/ini/ezjscore-c99ab6a633e1f0ffa4efa7e044e22d94.php]
[ Jul 18 2015 11:23:53 ] [var/ezdemo_site/cache/template/compiled/page_head_style_inline-3777a169427294aab57dfaed9663ccd0.php]
[ Jul 18 2015 11:23:53 ] [var/ezdemo_site/cache/template/compiled/page_head_script-2ddeb8729f8585a2a20806264941a873.php]
[ Jul 18 2015 11:23:53 ] [var/ezdemo_site/cache/template/compiled/page_header-8cc4dbfaa66c0d35619f47cd5d13710b.php]
[ Jul 18 2015 11:23:53 ] [var/ezdemo_site/cache/template/compiled/page_search-f71f38a955be35cae1bf5a65131f6c8e.php]
[ Jul 18 2015 11:23:53 ] [var/ezdemo_site/cache/template/compiled/page_topmenu-c2bf5e10e438b1737c40b3b8cd61d9c8.php]
[ Jul 18 2015 11:23:53 ] [var/ezdemo_site/cache/template/compiled/page_topmenuitem-21ec10aad5aa70d963b0ba944679b394.php]
[ Jul 18 2015 11:23:53 ] [var/ezdemo_site/cache/template/compiled/page_leftmenu-df07b7383fa28df647f16ac1620b43d2.php]
[ Jul 18 2015 11:23:53 ] [var/ezdemo_site/cache/template/compiled/menu-ca185294bf280a3e6351e4d6117d67bf.php]
[ Jul 18 2015 11:23:53 ] [var/ezdemo_site/cache/template/compiled/content_structure_menu_dynamic-8f55b0fb962cdc1a1b911f059f81a761.php]
[ Jul 18 2015 11:23:53 ] [var/ezdemo_site/cache/template/compiled/ini_menu-36017244ec732ebf401e63d1589d2f67.php]
[ Jul 18 2015 11:23:53 ] [var/ezdemo_site/cache/template/compiled/page_toppath-877aa810ebf7f58dde7c53adb3c1faec.php]
[ Jul 18 2015 11:23:53 ] [var/ezdemo_site/cache/template/compiled/page_mainarea-f0c0d09faca8307b89445ff4ded1bbb8.php]
[ Jul 18 2015 11:23:53 ] [var/ezdemo_site/cache/template/compiled/page_copyright-6bacda7ba93f4afd41fb9c1d632de443.php]
[ Jul 18 2015 11:23:53 ] [var/ezdemo_site/cache/template/compiled/popup_menu-392ad872c060556fc10b5394dee94c1e.php]
[ Jul 18 2015 11:23:53 ] [var/ezdemo_site/cache/template/compiled/popup_context_menu-5d8a428df57628f2190c59a728f39545.php]
[ Jul 18 2015 11:23:53 ] [var/ezdemo_site/cache/template/compiled/oocontextmenu-8247feab2693b9ced7fe18b9be853a80.php]
[ Jul 18 2015 11:23:53 ] [var/ezdemo_site/cache/template/compiled/ezflcontextmenu-6a81f960d5eaefec0cf5d41e19ba3cc4.php]
[ Jul 18 2015 11:23:54 ] [var/ezdemo_site/cache/template/compiled/ezmucontextmenu-6be8d443967147ffa193028d078d72b1.php]
[ Jul 18 2015 11:23:54 ] [var/ezdemo_site/cache/template/compiled/popup_subitems_menu-84f6305efdbe62dba21bfda53690221a.php]
[ Jul 18 2015 11:23:54 ] [var/ezdemo_site/cache/template/compiled/oosubitemscontextmenu-26718e4561189aa3eab625462afdcfb3.php]
[ Jul 18 2015 11:23:54 ] [var/ezdemo_site/cache/template/compiled/ezflsubitemscontextmenu-badd98c7921b116ded927afecd406661.php]
[ Jul 18 2015 11:23:54 ] [var/ezdemo_site/cache/template/compiled/ezmusubitemscontextmenu-0b2e3c729cf6a13c6b87072c20d72c33.php]
[ Jul 18 2015 11:23:54 ] [var/ezdemo_site/cache/template/compiled/popup_class_menu-c6b4cacb91d0cd2d6fd6ff66b8f3d122.php]
[ Jul 18 2015 11:23:54 ] [var/ezdemo_site/cache/template/compiled/popup_bookmark_menu-c957591cf90ebdaf8b2806e4bdc0f9a3.php]
[ Jul 18 2015 11:23:54 ] [var/ezdemo_site/cache/template/compiled/oocontextsubmenu-f70461f16ed4420cb7dc0530f43cf06c.php]
[ Jul 18 2015 11:23:54 ] [var/ezdemo_site/cache/template/compiled/ezflcontextsubmenu-0fa843a66e9c618b9cf3ab7508e3cb6f.php]
[ Jul 18 2015 11:23:54 ] [var/ezdemo_site/cache/template/compiled/popup_sub_createhere_menu-54ba026f6e0abaf4bca41cbd5b977a5e.php]
[ Jul 18 2015 11:23:54 ] [var/ezdemo_site/cache/template/compiled/popup_sub_edit_menu-1f46c0a126647b66530673325d07bc24.php]
[ Jul 18 2015 11:23:54 ] [var/ezdemo_site/cache/template/compiled/popup_sub_advance_menu-ce1059831c62eb099ca68c630f4b9530.php]
[ Jul 18 2015 11:23:54 ] [var/ezdemo_site/cache/template/compiled/popup_sub_editclass_menu-f5fef97c94215d861e47a90a6f85af11.php]
[ Jul 18 2015 11:23:54 ] [var/ezdemo_site/cache/template/compiled/popup_sub_siteaccess_menus-f2d2a7c583e139617a93352200add36e.php]
[ Jul 18 2015 11:23:56 ] [/Users/gofina/Web/ezpublish-community-sylius/ezpublish_legacy/lib/ezutils/classes/../../../var/cache/ini/template-c6ee29cf29032e5b4d98caef606d8fbd.php]
[ Jul 18 2015 11:23:57 ] [/Users/gofina/Web/ezpublish-community-sylius/ezpublish_legacy/lib/ezutils/classes/../../../var/cache/ini/image-30208f105e624fe9f4b1024832770e00.php]
[ Jul 18 2015 11:24:01 ] [/Users/gofina/Web/ezpublish-community-sylius/ezpublish_legacy/lib/ezutils/classes/../../../var/cache/ini/texttoimage-4c80f2176e4f62e7a9bfc8703e4c189d.php]
[ Jul 18 2015 11:24:01 ] [var/ezdemo_site/cache/template/compiled/cache-71cbe2adc2e3a0df1233ff68ec4a3aa9.php]
[ Jul 18 2015 11:24:01 ] [var/ezdemo_site/cache/template/compiled/menu-d1e281db35b18071fe180e3e264a833c.php]
[ Jul 18 2015 11:24:07 ] [var/ezdemo_site/cache/template/compiled/extensions-0b8466a912f226ab1b4504c505d3696d.php]
